[0.077s] DEBUG:colcon:Command line arguments: ['/usr/bin/colcon', 'build']
[0.077s] DEBUG:colcon:Parsed command line arguments: Namespace(log_base=None, log_level=None, verb_name='build', build_base='build', install_base='install', merge_install=False, symlink_install=False, test_result_base=None, continue_on_error=False, executor='parallel', parallel_workers=12, event_handlers=None, ignore_user_meta=False, metas=['./colcon.meta'], base_paths=['.'], packages_ignore=None, packages_ignore_regex=None, paths=None, packages_up_to=None, packages_up_to_regex=None, packages_above=None, packages_above_and_dependencies=None, packages_above_depth=None, packages_select_by_dep=None, packages_skip_by_dep=None, packages_skip_up_to=None, packages_select_build_failed=False, packages_skip_build_finished=False, packages_select_test_failures=False, packages_skip_test_passed=False, packages_select=None, packages_skip=None, packages_select_regex=None, packages_skip_regex=None, packages_start=None, packages_end=None, allow_overriding=[], cmake_args=None, cmake_target=None, cmake_target_skip_unavailable=False, cmake_clean_cache=False, cmake_clean_first=False, cmake_force_configure=False, ament_cmake_args=None, catkin_cmake_args=None, catkin_skip_building_tests=False, mixin_files=None, mixin=None, verb_parser=<colcon_mixin.mixin.mixin_argument.MixinArgumentDecorator object at 0x7c0844678490>, verb_extension=<colcon_core.verb.build.BuildVerb object at 0x7c0844643dc0>, main=<bound method BuildVerb.main of <colcon_core.verb.build.BuildVerb object at 0x7c0844643dc0>>, mixin_verb=('build',))
[0.206s] Level 1:colcon.colcon_core.package_discovery:discover_packages(colcon_meta) check parameters
[0.206s] Level 1:colcon.colcon_core.package_discovery:discover_packages(recursive) check parameters
[0.206s] Level 1:colcon.colcon_core.package_discovery:discover_packages(ignore) check parameters
[0.206s] Level 1:colcon.colcon_core.package_discovery:discover_packages(path) check parameters
[0.206s] Level 1:colcon.colcon_core.package_discovery:discover_packages(colcon_meta) discover
[0.206s] Level 1:colcon.colcon_core.package_discovery:discover_packages(recursive) discover
[0.206s] INFO:colcon.colcon_core.package_discovery:Crawling recursively for packages in '/home/botcanh/dev_ws/src/two_wheeled_robot'
[0.206s] Level 1:colcon.colcon_core.package_identification:_identify(.) by extensions ['ignore', 'ignore_ament_install']
[0.206s] Level 1:colcon.colcon_core.package_identification:_identify(.) by extension 'ignore'
[0.206s] Level 1:colcon.colcon_core.package_identification:_identify(.) by extension 'ignore_ament_install'
[0.206s] Level 1:colcon.colcon_core.package_identification:_identify(.) by extensions ['colcon_pkg']
[0.206s] Level 1:colcon.colcon_core.package_identification:_identify(.) by extension 'colcon_pkg'
[0.206s] Level 1:colcon.colcon_core.package_identification:_identify(.) by extensions ['colcon_meta']
[0.206s] Level 1:colcon.colcon_core.package_identification:_identify(.) by extension 'colcon_meta'
[0.206s] Level 1:colcon.colcon_core.package_identification:_identify(.) by extensions ['ros']
[0.206s] Level 1:colcon.colcon_core.package_identification:_identify(.) by extension 'ros'
[0.221s] DEBUG:colcon.colcon_core.package_identification:Package '.' with type 'ros.ament_cmake' and name 'two_wheeled_robot'
[0.221s] Level 1:colcon.colcon_core.package_discovery:discover_packages(recursive) using defaults
[0.221s] Level 1:colcon.colcon_core.package_discovery:discover_packages(ignore) discover
[0.221s] Level 1:colcon.colcon_core.package_discovery:discover_packages(ignore) using defaults
[0.221s] Level 1:colcon.colcon_core.package_discovery:discover_packages(path) discover
[0.221s] Level 1:colcon.colcon_core.package_discovery:discover_packages(path) using defaults
[0.234s] Level 1:colcon.colcon_core.package_discovery:discover_packages(prefix_path) check parameters
[0.234s] Level 1:colcon.colcon_core.package_discovery:discover_packages(prefix_path) discover
[0.235s] DEBUG:colcon.colcon_installed_package_information.package_discovery:Found 2 installed packages in /home/botcanh/dev_ws/install
[0.236s] DEBUG:colcon.colcon_installed_package_information.package_discovery:Found 423 installed packages in /opt/ros/humble
[0.237s] Level 1:colcon.colcon_core.package_discovery:discover_packages(prefix_path) using defaults
[0.269s] Level 5:colcon.colcon_core.verb:set package 'two_wheeled_robot' build argument 'cmake_args' from command line to 'None'
[0.269s] Level 5:colcon.colcon_core.verb:set package 'two_wheeled_robot' build argument 'cmake_target' from command line to 'None'
[0.269s] Level 5:colcon.colcon_core.verb:set package 'two_wheeled_robot' build argument 'cmake_target_skip_unavailable' from command line to 'False'
[0.269s] Level 5:colcon.colcon_core.verb:set package 'two_wheeled_robot' build argument 'cmake_clean_cache' from command line to 'False'
[0.270s] Level 5:colcon.colcon_core.verb:set package 'two_wheeled_robot' build argument 'cmake_clean_first' from command line to 'False'
[0.270s] Level 5:colcon.colcon_core.verb:set package 'two_wheeled_robot' build argument 'cmake_force_configure' from command line to 'False'
[0.270s] Level 5:colcon.colcon_core.verb:set package 'two_wheeled_robot' build argument 'ament_cmake_args' from command line to 'None'
[0.270s] Level 5:colcon.colcon_core.verb:set package 'two_wheeled_robot' build argument 'catkin_cmake_args' from command line to 'None'
[0.270s] Level 5:colcon.colcon_core.verb:set package 'two_wheeled_robot' build argument 'catkin_skip_building_tests' from command line to 'False'
[0.270s] DEBUG:colcon.colcon_core.verb:Building package 'two_wheeled_robot' with the following arguments: {'ament_cmake_args': None, 'build_base': '/home/botcanh/dev_ws/src/two_wheeled_robot/build/two_wheeled_robot', 'catkin_cmake_args': None, 'catkin_skip_building_tests': False, 'cmake_args': None, 'cmake_clean_cache': False, 'cmake_clean_first': False, 'cmake_force_configure': False, 'cmake_target': None, 'cmake_target_skip_unavailable': False, 'install_base': '/home/botcanh/dev_ws/src/two_wheeled_robot/install/two_wheeled_robot', 'merge_install': False, 'path': '/home/botcanh/dev_ws/src/two_wheeled_robot', 'symlink_install': False, 'test_result_base': None}
[0.270s] INFO:colcon.colcon_core.executor:Executing jobs using 'parallel' executor
[0.270s] DEBUG:colcon.colcon_parallel_executor.executor.parallel:run_until_complete
[0.270s] INFO:colcon.colcon_ros.task.ament_cmake.build:Building ROS package in '/home/botcanh/dev_ws/src/two_wheeled_robot' with build type 'ament_cmake'
[0.271s] INFO:colcon.colcon_cmake.task.cmake.build:Building CMake package in '/home/botcanh/dev_ws/src/two_wheeled_robot'
[0.272s] INFO:colcon.colcon_core.plugin_system:Skipping extension 'colcon_core.shell.bat': Not used on non-Windows systems
[0.272s] INFO:colcon.colcon_core.shell:Skip shell extension 'powershell' for command environment: Not usable outside of PowerShell
[0.272s] DEBUG:colcon.colcon_core.shell:Skip shell extension 'dsv' for command environment
[0.277s] DEBUG:colcon.colcon_core.event_handler.log_command:Invoking command in '/home/botcanh/dev_ws/src/two_wheeled_robot/build/two_wheeled_robot': CMAKE_PREFIX_PATH=${CMAKE_PREFIX_PATH}:/home/botcanh/dev_ws/install/reinforcement_learning:/opt/ros/humble /home/botcanh/.local/bin/cmake /home/botcanh/dev_ws/src/two_wheeled_robot -DCMAKE_INSTALL_PREFIX=/home/botcanh/dev_ws/src/two_wheeled_robot/install/two_wheeled_robot
[1.412s] DEBUG:colcon.colcon_core.event_handler.log_command:Invoked command in '/home/botcanh/dev_ws/src/two_wheeled_robot/build/two_wheeled_robot' returned '0': CMAKE_PREFIX_PATH=${CMAKE_PREFIX_PATH}:/home/botcanh/dev_ws/install/reinforcement_learning:/opt/ros/humble /home/botcanh/.local/bin/cmake /home/botcanh/dev_ws/src/two_wheeled_robot -DCMAKE_INSTALL_PREFIX=/home/botcanh/dev_ws/src/two_wheeled_robot/install/two_wheeled_robot
[1.412s] DEBUG:colcon.colcon_core.event_handler.log_command:Invoking command in '/home/botcanh/dev_ws/src/two_wheeled_robot/build/two_wheeled_robot': CMAKE_PREFIX_PATH=${CMAKE_PREFIX_PATH}:/home/botcanh/dev_ws/install/reinforcement_learning:/opt/ros/humble /home/botcanh/.local/bin/cmake --build /home/botcanh/dev_ws/src/two_wheeled_robot/build/two_wheeled_robot -- -j12 -l12
[1.662s] DEBUG:colcon.colcon_core.event_handler.log_command:Invoked command in '/home/botcanh/dev_ws/src/two_wheeled_robot/build/two_wheeled_robot' returned '0': CMAKE_PREFIX_PATH=${CMAKE_PREFIX_PATH}:/home/botcanh/dev_ws/install/reinforcement_learning:/opt/ros/humble /home/botcanh/.local/bin/cmake --build /home/botcanh/dev_ws/src/two_wheeled_robot/build/two_wheeled_robot -- -j12 -l12
[1.718s] DEBUG:colcon.colcon_core.event_handler.log_command:Invoking command in '/home/botcanh/dev_ws/src/two_wheeled_robot/build/two_wheeled_robot': CMAKE_PREFIX_PATH=${CMAKE_PREFIX_PATH}:/home/botcanh/dev_ws/install/reinforcement_learning:/opt/ros/humble /home/botcanh/.local/bin/cmake --install /home/botcanh/dev_ws/src/two_wheeled_robot/build/two_wheeled_robot
[1.955s] Level 1:colcon.colcon_core.environment:create_environment_scripts_only(two_wheeled_robot)
[1.955s] DEBUG:colcon.colcon_core.event_handler.log_command:Invoked command in '/home/botcanh/dev_ws/src/two_wheeled_robot/build/two_wheeled_robot' returned '0': CMAKE_PREFIX_PATH=${CMAKE_PREFIX_PATH}:/home/botcanh/dev_ws/install/reinforcement_learning:/opt/ros/humble /home/botcanh/.local/bin/cmake --install /home/botcanh/dev_ws/src/two_wheeled_robot/build/two_wheeled_robot
[1.957s] Level 1:colcon.colcon_core.environment:checking '/home/botcanh/dev_ws/src/two_wheeled_robot/install/two_wheeled_robot' for CMake module files
[1.957s] Level 1:colcon.colcon_core.environment:checking '/home/botcanh/dev_ws/src/two_wheeled_robot/install/two_wheeled_robot' for CMake config files
[1.958s] Level 1:colcon.colcon_core.shell:create_environment_hook('two_wheeled_robot', 'cmake_prefix_path')
[1.958s] INFO:colcon.colcon_core.shell:Creating environment hook '/home/botcanh/dev_ws/src/two_wheeled_robot/install/two_wheeled_robot/share/two_wheeled_robot/hook/cmake_prefix_path.ps1'
[1.958s] INFO:colcon.colcon_core.shell:Creating environment descriptor '/home/botcanh/dev_ws/src/two_wheeled_robot/install/two_wheeled_robot/share/two_wheeled_robot/hook/cmake_prefix_path.dsv'
[1.959s] INFO:colcon.colcon_core.shell:Creating environment hook '/home/botcanh/dev_ws/src/two_wheeled_robot/install/two_wheeled_robot/share/two_wheeled_robot/hook/cmake_prefix_path.sh'
[1.959s] Level 1:colcon.colcon_core.environment:checking '/home/botcanh/dev_ws/src/two_wheeled_robot/install/two_wheeled_robot/lib'
[1.959s] Level 1:colcon.colcon_core.environment:checking '/home/botcanh/dev_ws/src/two_wheeled_robot/install/two_wheeled_robot/bin'
[1.959s] Level 1:colcon.colcon_core.environment:checking '/home/botcanh/dev_ws/src/two_wheeled_robot/install/two_wheeled_robot/lib/pkgconfig/two_wheeled_robot.pc'
[1.960s] Level 1:colcon.colcon_core.environment:checking '/home/botcanh/dev_ws/src/two_wheeled_robot/install/two_wheeled_robot/lib/python3.10/site-packages'
[1.960s] Level 1:colcon.colcon_core.environment:checking '/home/botcanh/dev_ws/src/two_wheeled_robot/install/two_wheeled_robot/bin'
[1.960s] INFO:colcon.colcon_core.shell:Creating package script '/home/botcanh/dev_ws/src/two_wheeled_robot/install/two_wheeled_robot/share/two_wheeled_robot/package.ps1'
[1.960s] INFO:colcon.colcon_core.shell:Creating package descriptor '/home/botcanh/dev_ws/src/two_wheeled_robot/install/two_wheeled_robot/share/two_wheeled_robot/package.dsv'
[1.961s] INFO:colcon.colcon_core.shell:Creating package script '/home/botcanh/dev_ws/src/two_wheeled_robot/install/two_wheeled_robot/share/two_wheeled_robot/package.sh'
[1.961s] INFO:colcon.colcon_core.shell:Creating package script '/home/botcanh/dev_ws/src/two_wheeled_robot/install/two_wheeled_robot/share/two_wheeled_robot/package.bash'
[1.961s] INFO:colcon.colcon_core.shell:Creating package script '/home/botcanh/dev_ws/src/two_wheeled_robot/install/two_wheeled_robot/share/two_wheeled_robot/package.zsh'
[1.962s] Level 1:colcon.colcon_core.environment:create_file_with_runtime_dependencies(/home/botcanh/dev_ws/src/two_wheeled_robot/install/two_wheeled_robot/share/colcon-core/packages/two_wheeled_robot)
[1.992s] Level 1:colcon.colcon_core.environment:create_environment_scripts_only(two_wheeled_robot)
[1.992s] Level 1:colcon.colcon_core.environment:checking '/home/botcanh/dev_ws/src/two_wheeled_robot/install/two_wheeled_robot' for CMake module files
[1.992s] Level 1:colcon.colcon_core.environment:checking '/home/botcanh/dev_ws/src/two_wheeled_robot/install/two_wheeled_robot' for CMake config files
[1.993s] Level 1:colcon.colcon_core.shell:create_environment_hook('two_wheeled_robot', 'cmake_prefix_path')
[1.994s] INFO:colcon.colcon_core.shell:Creating environment hook '/home/botcanh/dev_ws/src/two_wheeled_robot/install/two_wheeled_robot/share/two_wheeled_robot/hook/cmake_prefix_path.ps1'
[1.994s] INFO:colcon.colcon_core.shell:Creating environment descriptor '/home/botcanh/dev_ws/src/two_wheeled_robot/install/two_wheeled_robot/share/two_wheeled_robot/hook/cmake_prefix_path.dsv'
[1.994s] INFO:colcon.colcon_core.shell:Creating environment hook '/home/botcanh/dev_ws/src/two_wheeled_robot/install/two_wheeled_robot/share/two_wheeled_robot/hook/cmake_prefix_path.sh'
[1.994s] Level 1:colcon.colcon_core.environment:checking '/home/botcanh/dev_ws/src/two_wheeled_robot/install/two_wheeled_robot/lib'
[1.995s] Level 1:colcon.colcon_core.environment:checking '/home/botcanh/dev_ws/src/two_wheeled_robot/install/two_wheeled_robot/bin'
[1.995s] Level 1:colcon.colcon_core.environment:checking '/home/botcanh/dev_ws/src/two_wheeled_robot/install/two_wheeled_robot/lib/pkgconfig/two_wheeled_robot.pc'
[1.995s] Level 1:colcon.colcon_core.environment:checking '/home/botcanh/dev_ws/src/two_wheeled_robot/install/two_wheeled_robot/lib/python3.10/site-packages'
[1.995s] Level 1:colcon.colcon_core.environment:checking '/home/botcanh/dev_ws/src/two_wheeled_robot/install/two_wheeled_robot/bin'
[1.995s] INFO:colcon.colcon_core.shell:Creating package script '/home/botcanh/dev_ws/src/two_wheeled_robot/install/two_wheeled_robot/share/two_wheeled_robot/package.ps1'
[1.995s] INFO:colcon.colcon_core.shell:Creating package descriptor '/home/botcanh/dev_ws/src/two_wheeled_robot/install/two_wheeled_robot/share/two_wheeled_robot/package.dsv'
[1.996s] INFO:colcon.colcon_core.shell:Creating package script '/home/botcanh/dev_ws/src/two_wheeled_robot/install/two_wheeled_robot/share/two_wheeled_robot/package.sh'
[1.996s] INFO:colcon.colcon_core.shell:Creating package script '/home/botcanh/dev_ws/src/two_wheeled_robot/install/two_wheeled_robot/share/two_wheeled_robot/package.bash'
[1.996s] INFO:colcon.colcon_core.shell:Creating package script '/home/botcanh/dev_ws/src/two_wheeled_robot/install/two_wheeled_robot/share/two_wheeled_robot/package.zsh'
[1.996s] Level 1:colcon.colcon_core.environment:create_file_with_runtime_dependencies(/home/botcanh/dev_ws/src/two_wheeled_robot/install/two_wheeled_robot/share/colcon-core/packages/two_wheeled_robot)
[1.997s] DEBUG:colcon.colcon_parallel_executor.executor.parallel:closing loop
[1.997s] DEBUG:colcon.colcon_parallel_executor.executor.parallel:loop closed
[1.997s] DEBUG:colcon.colcon_parallel_executor.executor.parallel:run_until_complete finished with '0'
[1.997s] DEBUG:colcon.colcon_core.event_reactor:joining thread
[2.001s] INFO:colcon.colcon_core.plugin_system:Skipping extension 'colcon_notification.desktop_notification.terminal_notifier': Not used on non-Darwin systems
[2.001s] INFO:colcon.colcon_core.plugin_system:Skipping extension 'colcon_notification.desktop_notification.win32': Not used on non-Windows systems
[2.001s] INFO:colcon.colcon_notification.desktop_notification:Sending desktop notification using 'notify2'
[2.009s] DEBUG:colcon.colcon_core.event_reactor:joined thread
[2.009s] INFO:colcon.colcon_core.shell:Creating prefix script '/home/botcanh/dev_ws/src/two_wheeled_robot/install/local_setup.ps1'
[2.010s] INFO:colcon.colcon_core.shell:Creating prefix util module '/home/botcanh/dev_ws/src/two_wheeled_robot/install/_local_setup_util_ps1.py'
[2.011s] INFO:colcon.colcon_core.shell:Creating prefix chain script '/home/botcanh/dev_ws/src/two_wheeled_robot/install/setup.ps1'
[2.011s] INFO:colcon.colcon_core.shell:Creating prefix script '/home/botcanh/dev_ws/src/two_wheeled_robot/install/local_setup.sh'
[2.012s] INFO:colcon.colcon_core.shell:Creating prefix util module '/home/botcanh/dev_ws/src/two_wheeled_robot/install/_local_setup_util_sh.py'
[2.012s] INFO:colcon.colcon_core.shell:Creating prefix chain script '/home/botcanh/dev_ws/src/two_wheeled_robot/install/setup.sh'
[2.012s] INFO:colcon.colcon_core.shell:Creating prefix script '/home/botcanh/dev_ws/src/two_wheeled_robot/install/local_setup.bash'
[2.013s] INFO:colcon.colcon_core.shell:Creating prefix chain script '/home/botcanh/dev_ws/src/two_wheeled_robot/install/setup.bash'
[2.013s] INFO:colcon.colcon_core.shell:Creating prefix script '/home/botcanh/dev_ws/src/two_wheeled_robot/install/local_setup.zsh'
[2.014s] INFO:colcon.colcon_core.shell:Creating prefix chain script '/home/botcanh/dev_ws/src/two_wheeled_robot/install/setup.zsh'
