-- The C compiler identification is GNU 11.4.0
-- The CXX compiler identification is GNU 11.4.0
-- Detecting C compiler ABI info
-- Detecting C compiler ABI info - done
-- Check for working C compiler: /usr/bin/cc - skipped
-- Detecting C compile features
-- Detecting C compile features - done
-- Detecting CXX compiler ABI info
-- Detecting CXX compiler ABI info - done
-- Check for working CXX compiler: /usr/bin/c++ - skipped
-- Detecting CXX compile features
-- Detecting CXX compile features - done
-- Found ament_cmake: 1.3.9 (/opt/ros/humble/share/ament_cmake/cmake)
-- Found Python3: /usr/bin/python3 (found version "3.10.12") found components: Interpreter 
-- Found rclcpp: 16.0.9 (/opt/ros/humble/share/rclcpp/cmake)
-- Found rosidl_generator_c: 3.1.5 (/opt/ros/humble/share/rosidl_generator_c/cmake)
-- Found rosidl_adapter: 3.1.5 (/opt/ros/humble/share/rosidl_adapter/cmake)
-- Found rosidl_generator_cpp: 3.1.5 (/opt/ros/humble/share/rosidl_generator_cpp/cmake)
-- Using all available rosidl_typesupport_c: rosidl_typesupport_fastrtps_c;rosidl_typesupport_introspection_c
-- Using all available rosidl_typesupport_cpp: rosidl_typesupport_fastrtps_cpp;rosidl_typesupport_introspection_cpp
-- Found rmw_implementation_cmake: 6.1.2 (/opt/ros/humble/share/rmw_implementation_cmake/cmake)
-- Found rmw_cyclonedds_cpp: 1.3.4 (/opt/ros/humble/share/rmw_cyclonedds_cpp/cmake)
-- Using RMW implementation 'rmw_cyclonedds_cpp' as default
-- Performing Test CMAKE_HAVE_LIBC_PTHREAD
-- Performing Test CMAKE_HAVE_LIBC_PTHREAD - Success
-- Found Threads: TRUE  
-- Found rclpy: 3.3.13 (/opt/ros/humble/share/rclpy/cmake)
-- Found ament_lint_auto: 0.12.11 (/opt/ros/humble/share/ament_lint_auto/cmake)
-- Added test 'cppcheck' to perform static code analysis on C / C++ code
-- Configured cppcheck include dirs: 
-- Configured cppcheck exclude dirs and/or files: 
-- Added test 'flake8' to check Python code syntax and style conventions
-- Added test 'lint_cmake' to check CMake code style
-- Added test 'pep257' to check Python code against some of the docstring style conventions in PEP 257
-- Added test 'uncrustify' to check C / C++ code style
-- Configured uncrustify additional arguments: 
-- Added test 'xmllint' to check XML markup files
-- Configuring done
-- Generating done
-- Build files have been written to: /home/botcanh/dev_ws/src/two_wheeled_robot/build/two_wheeled_robot
Built target ament_cmake_python_copy_two_wheeled_robot
running egg_info
creating two_wheeled_robot.egg-info
writing two_wheeled_robot.egg-info/PKG-INFO
writing dependency_links to two_wheeled_robot.egg-info/dependency_links.txt
writing top-level names to two_wheeled_robot.egg-info/top_level.txt
writing manifest file 'two_wheeled_robot.egg-info/SOURCES.txt'
reading manifest file 'two_wheeled_robot.egg-info/SOURCES.txt'
writing manifest file 'two_wheeled_robot.egg-info/SOURCES.txt'
Built target ament_cmake_python_build_two_wheeled_robot_egg
-- Install configuration: ""
-- Installing: /home/botcanh/dev_ws/src/two_wheeled_robot/install/two_wheeled_robot/share/two_wheeled_robot/config
-- Installing: /home/botcanh/dev_ws/src/two_wheeled_robot/install/two_wheeled_robot/share/two_wheeled_robot/include
-- Installing: /home/botcanh/dev_ws/src/two_wheeled_robot/install/two_wheeled_robot/share/two_wheeled_robot/include/two_wheeled_robot
-- Installing: /home/botcanh/dev_ws/src/two_wheeled_robot/install/two_wheeled_robot/share/two_wheeled_robot/launch
-- Installing: /home/botcanh/dev_ws/src/two_wheeled_robot/install/two_wheeled_robot/share/two_wheeled_robot/launch/launch_urdf_into_gazebo.launch.py
-- Installing: /home/botcanh/dev_ws/src/two_wheeled_robot/install/two_wheeled_robot/share/two_wheeled_robot/launch/test.launch.py
-- Installing: /home/botcanh/dev_ws/src/two_wheeled_robot/install/two_wheeled_robot/share/two_wheeled_robot/maps
-- Installing: /home/botcanh/dev_ws/src/two_wheeled_robot/install/two_wheeled_robot/share/two_wheeled_robot/meshes
-- Installing: /home/botcanh/dev_ws/src/two_wheeled_robot/install/two_wheeled_robot/share/two_wheeled_robot/meshes/robot_base.stl
-- Installing: /home/botcanh/dev_ws/src/two_wheeled_robot/install/two_wheeled_robot/share/two_wheeled_robot/models
-- Installing: /home/botcanh/dev_ws/src/two_wheeled_robot/install/two_wheeled_robot/share/two_wheeled_robot/models/aws_robomaker_warehouse_ClutteringC_01
-- Installing: /home/botcanh/dev_ws/src/two_wheeled_robot/install/two_wheeled_robot/share/two_wheeled_robot/models/aws_robomaker_warehouse_ClutteringC_01/model.sdf
-- Installing: /home/botcanh/dev_ws/src/two_wheeled_robot/install/two_wheeled_robot/share/two_wheeled_robot/models/aws_robomaker_warehouse_ClutteringC_01/model.config
-- Installing: /home/botcanh/dev_ws/src/two_wheeled_robot/install/two_wheeled_robot/share/two_wheeled_robot/models/aws_robomaker_warehouse_ClutteringC_01/materials
-- Installing: /home/botcanh/dev_ws/src/two_wheeled_robot/install/two_wheeled_robot/share/two_wheeled_robot/models/aws_robomaker_warehouse_ClutteringC_01/materials/textures
-- Installing: /home/botcanh/dev_ws/src/two_wheeled_robot/install/two_wheeled_robot/share/two_wheeled_robot/models/aws_robomaker_warehouse_ClutteringC_01/materials/textures/aws_robomaker_warehouse_ClutteringC_01.png
-- Installing: /home/botcanh/dev_ws/src/two_wheeled_robot/install/two_wheeled_robot/share/two_wheeled_robot/models/aws_robomaker_warehouse_ClutteringC_01/materials/textures/aws_robomaker_warehouse_ClutteringC_02.png
-- Installing: /home/botcanh/dev_ws/src/two_wheeled_robot/install/two_wheeled_robot/share/two_wheeled_robot/models/aws_robomaker_warehouse_ClutteringC_01/meshes
-- Installing: /home/botcanh/dev_ws/src/two_wheeled_robot/install/two_wheeled_robot/share/two_wheeled_robot/models/aws_robomaker_warehouse_ClutteringC_01/meshes/aws_robomaker_warehouse_ClutteringC_01_visual.DAE
-- Installing: /home/botcanh/dev_ws/src/two_wheeled_robot/install/two_wheeled_robot/share/two_wheeled_robot/models/aws_robomaker_warehouse_ClutteringC_01/meshes/aws_robomaker_warehouse_ClutteringC_01_collision.DAE
-- Installing: /home/botcanh/dev_ws/src/two_wheeled_robot/install/two_wheeled_robot/share/two_wheeled_robot/models/aws_robomaker_warehouse_TrashCanC_01
-- Installing: /home/botcanh/dev_ws/src/two_wheeled_robot/install/two_wheeled_robot/share/two_wheeled_robot/models/aws_robomaker_warehouse_TrashCanC_01/model.sdf
-- Installing: /home/botcanh/dev_ws/src/two_wheeled_robot/install/two_wheeled_robot/share/two_wheeled_robot/models/aws_robomaker_warehouse_TrashCanC_01/model.config
-- Installing: /home/botcanh/dev_ws/src/two_wheeled_robot/install/two_wheeled_robot/share/two_wheeled_robot/models/aws_robomaker_warehouse_TrashCanC_01/materials
-- Installing: /home/botcanh/dev_ws/src/two_wheeled_robot/install/two_wheeled_robot/share/two_wheeled_robot/models/aws_robomaker_warehouse_TrashCanC_01/materials/textures
-- Installing: /home/botcanh/dev_ws/src/two_wheeled_robot/install/two_wheeled_robot/share/two_wheeled_robot/models/aws_robomaker_warehouse_TrashCanC_01/materials/textures/aws_robomaker_warehouse_TrashCanC_01.png
-- Installing: /home/botcanh/dev_ws/src/two_wheeled_robot/install/two_wheeled_robot/share/two_wheeled_robot/models/aws_robomaker_warehouse_TrashCanC_01/meshes
-- Installing: /home/botcanh/dev_ws/src/two_wheeled_robot/install/two_wheeled_robot/share/two_wheeled_robot/models/aws_robomaker_warehouse_TrashCanC_01/meshes/aws_robomaker_warehouse_TrashCanC_01_visual.DAE
-- Installing: /home/botcanh/dev_ws/src/two_wheeled_robot/install/two_wheeled_robot/share/two_wheeled_robot/models/aws_robomaker_warehouse_TrashCanC_01/meshes/aws_robomaker_warehouse_TrashCanC_01_collision.DAE
-- Installing: /home/botcanh/dev_ws/src/two_wheeled_robot/install/two_wheeled_robot/share/two_wheeled_robot/models/aws_robomaker_warehouse_RoofB_01
-- Installing: /home/botcanh/dev_ws/src/two_wheeled_robot/install/two_wheeled_robot/share/two_wheeled_robot/models/aws_robomaker_warehouse_RoofB_01/model.sdf
-- Installing: /home/botcanh/dev_ws/src/two_wheeled_robot/install/two_wheeled_robot/share/two_wheeled_robot/models/aws_robomaker_warehouse_RoofB_01/model.config
-- Installing: /home/botcanh/dev_ws/src/two_wheeled_robot/install/two_wheeled_robot/share/two_wheeled_robot/models/aws_robomaker_warehouse_RoofB_01/materials
-- Installing: /home/botcanh/dev_ws/src/two_wheeled_robot/install/two_wheeled_robot/share/two_wheeled_robot/models/aws_robomaker_warehouse_RoofB_01/materials/textures
-- Installing: /home/botcanh/dev_ws/src/two_wheeled_robot/install/two_wheeled_robot/share/two_wheeled_robot/models/aws_robomaker_warehouse_RoofB_01/materials/textures/aws_robomaker_warehouse_RoofB_01.png
-- Installing: /home/botcanh/dev_ws/src/two_wheeled_robot/install/two_wheeled_robot/share/two_wheeled_robot/models/aws_robomaker_warehouse_RoofB_01/meshes
-- Installing: /home/botcanh/dev_ws/src/two_wheeled_robot/install/two_wheeled_robot/share/two_wheeled_robot/models/aws_robomaker_warehouse_RoofB_01/meshes/aws_robomaker_warehouse_RoofB_01_collision.DAE
-- Installing: /home/botcanh/dev_ws/src/two_wheeled_robot/install/two_wheeled_robot/share/two_wheeled_robot/models/aws_robomaker_warehouse_RoofB_01/meshes/aws_robomaker_warehouse_RoofB_01_visual.DAE
-- Installing: /home/botcanh/dev_ws/src/two_wheeled_robot/install/two_wheeled_robot/share/two_wheeled_robot/models/aws_robomaker_warehouse_PalletJackB_01
-- Installing: /home/botcanh/dev_ws/src/two_wheeled_robot/install/two_wheeled_robot/share/two_wheeled_robot/models/aws_robomaker_warehouse_PalletJackB_01/model.sdf
-- Installing: /home/botcanh/dev_ws/src/two_wheeled_robot/install/two_wheeled_robot/share/two_wheeled_robot/models/aws_robomaker_warehouse_PalletJackB_01/.DS_Store
-- Installing: /home/botcanh/dev_ws/src/two_wheeled_robot/install/two_wheeled_robot/share/two_wheeled_robot/models/aws_robomaker_warehouse_PalletJackB_01/model.config
-- Installing: /home/botcanh/dev_ws/src/two_wheeled_robot/install/two_wheeled_robot/share/two_wheeled_robot/models/aws_robomaker_warehouse_PalletJackB_01/materials
-- Installing: /home/botcanh/dev_ws/src/two_wheeled_robot/install/two_wheeled_robot/share/two_wheeled_robot/models/aws_robomaker_warehouse_PalletJackB_01/materials/.DS_Store
-- Installing: /home/botcanh/dev_ws/src/two_wheeled_robot/install/two_wheeled_robot/share/two_wheeled_robot/models/aws_robomaker_warehouse_PalletJackB_01/materials/textures
-- Installing: /home/botcanh/dev_ws/src/two_wheeled_robot/install/two_wheeled_robot/share/two_wheeled_robot/models/aws_robomaker_warehouse_PalletJackB_01/materials/textures/aws_robomaker_warehouse_PalletJackB_01.png
-- Installing: /home/botcanh/dev_ws/src/two_wheeled_robot/install/two_wheeled_robot/share/two_wheeled_robot/models/aws_robomaker_warehouse_PalletJackB_01/materials/textures/aws_robomaker_warehouse_PalletJackB_02.png
-- Installing: /home/botcanh/dev_ws/src/two_wheeled_robot/install/two_wheeled_robot/share/two_wheeled_robot/models/aws_robomaker_warehouse_PalletJackB_01/meshes
-- Installing: /home/botcanh/dev_ws/src/two_wheeled_robot/install/two_wheeled_robot/share/two_wheeled_robot/models/aws_robomaker_warehouse_PalletJackB_01/meshes/aws_robomaker_warehouse_PalletJackB_01_visual.DAE
-- Installing: /home/botcanh/dev_ws/src/two_wheeled_robot/install/two_wheeled_robot/share/two_wheeled_robot/models/aws_robomaker_warehouse_PalletJackB_01/meshes/aws_robomaker_warehouse_PalletJackB_01_collision.DAE
-- Installing: /home/botcanh/dev_ws/src/two_wheeled_robot/install/two_wheeled_robot/share/two_wheeled_robot/models/aws_robomaker_warehouse_Lamp_01
-- Installing: /home/botcanh/dev_ws/src/two_wheeled_robot/install/two_wheeled_robot/share/two_wheeled_robot/models/aws_robomaker_warehouse_Lamp_01/model.sdf
-- Installing: /home/botcanh/dev_ws/src/two_wheeled_robot/install/two_wheeled_robot/share/two_wheeled_robot/models/aws_robomaker_warehouse_Lamp_01/model.config
-- Installing: /home/botcanh/dev_ws/src/two_wheeled_robot/install/two_wheeled_robot/share/two_wheeled_robot/models/aws_robomaker_warehouse_Lamp_01/materials
-- Installing: /home/botcanh/dev_ws/src/two_wheeled_robot/install/two_wheeled_robot/share/two_wheeled_robot/models/aws_robomaker_warehouse_Lamp_01/materials/textures
-- Installing: /home/botcanh/dev_ws/src/two_wheeled_robot/install/two_wheeled_robot/share/two_wheeled_robot/models/aws_robomaker_warehouse_Lamp_01/materials/textures/aws_robomaker_warehouse_Lamp_01.png
-- Installing: /home/botcanh/dev_ws/src/two_wheeled_robot/install/two_wheeled_robot/share/two_wheeled_robot/models/aws_robomaker_warehouse_Lamp_01/meshes
-- Installing: /home/botcanh/dev_ws/src/two_wheeled_robot/install/two_wheeled_robot/share/two_wheeled_robot/models/aws_robomaker_warehouse_Lamp_01/meshes/aws_robomaker_warehouse_Lamp_01_collision.DAE
-- Installing: /home/botcanh/dev_ws/src/two_wheeled_robot/install/two_wheeled_robot/share/two_wheeled_robot/models/aws_robomaker_warehouse_Lamp_01/meshes/aws_robomaker_warehouse_Lamp_01_visual.DAE
-- Installing: /home/botcanh/dev_ws/src/two_wheeled_robot/install/two_wheeled_robot/share/two_wheeled_robot/models/aws_robomaker_warehouse_ClutteringD_01
-- Installing: /home/botcanh/dev_ws/src/two_wheeled_robot/install/two_wheeled_robot/share/two_wheeled_robot/models/aws_robomaker_warehouse_ClutteringD_01/model.sdf
-- Installing: /home/botcanh/dev_ws/src/two_wheeled_robot/install/two_wheeled_robot/share/two_wheeled_robot/models/aws_robomaker_warehouse_ClutteringD_01/model.config
-- Installing: /home/botcanh/dev_ws/src/two_wheeled_robot/install/two_wheeled_robot/share/two_wheeled_robot/models/aws_robomaker_warehouse_ClutteringD_01/materials
-- Installing: /home/botcanh/dev_ws/src/two_wheeled_robot/install/two_wheeled_robot/share/two_wheeled_robot/models/aws_robomaker_warehouse_ClutteringD_01/materials/textures
-- Installing: /home/botcanh/dev_ws/src/two_wheeled_robot/install/two_wheeled_robot/share/two_wheeled_robot/models/aws_robomaker_warehouse_ClutteringD_01/materials/textures/aws_robomaker_warehouse_ClutteringD_01.png
-- Installing: /home/botcanh/dev_ws/src/two_wheeled_robot/install/two_wheeled_robot/share/two_wheeled_robot/models/aws_robomaker_warehouse_ClutteringD_01/materials/textures/aws_robomaker_warehouse_ClutteringD_02.png
-- Installing: /home/botcanh/dev_ws/src/two_wheeled_robot/install/two_wheeled_robot/share/two_wheeled_robot/models/aws_robomaker_warehouse_ClutteringD_01/meshes
-- Installing: /home/botcanh/dev_ws/src/two_wheeled_robot/install/two_wheeled_robot/share/two_wheeled_robot/models/aws_robomaker_warehouse_ClutteringD_01/meshes/aws_robomaker_warehouse_ClutteringD_01_visual.DAE
-- Installing: /home/botcanh/dev_ws/src/two_wheeled_robot/install/two_wheeled_robot/share/two_wheeled_robot/models/aws_robomaker_warehouse_ClutteringD_01/meshes/aws_robomaker_warehouse_ClutteringD_01_collision.DAE
-- Installing: /home/botcanh/dev_ws/src/two_wheeled_robot/install/two_wheeled_robot/share/two_wheeled_robot/models/aws_robomaker_warehouse_WallB_01
-- Installing: /home/botcanh/dev_ws/src/two_wheeled_robot/install/two_wheeled_robot/share/two_wheeled_robot/models/aws_robomaker_warehouse_WallB_01/model.sdf
-- Installing: /home/botcanh/dev_ws/src/two_wheeled_robot/install/two_wheeled_robot/share/two_wheeled_robot/models/aws_robomaker_warehouse_WallB_01/model.config
-- Installing: /home/botcanh/dev_ws/src/two_wheeled_robot/install/two_wheeled_robot/share/two_wheeled_robot/models/aws_robomaker_warehouse_WallB_01/materials
-- Installing: /home/botcanh/dev_ws/src/two_wheeled_robot/install/two_wheeled_robot/share/two_wheeled_robot/models/aws_robomaker_warehouse_WallB_01/materials/textures
-- Installing: /home/botcanh/dev_ws/src/two_wheeled_robot/install/two_wheeled_robot/share/two_wheeled_robot/models/aws_robomaker_warehouse_WallB_01/materials/textures/aws_robomaker_warehouse_WallB_01.png
-- Installing: /home/botcanh/dev_ws/src/two_wheeled_robot/install/two_wheeled_robot/share/two_wheeled_robot/models/aws_robomaker_warehouse_WallB_01/meshes
-- Installing: /home/botcanh/dev_ws/src/two_wheeled_robot/install/two_wheeled_robot/share/two_wheeled_robot/models/aws_robomaker_warehouse_WallB_01/meshes/aws_robomaker_warehouse_WallB_01_collision.DAE
-- Installing: /home/botcanh/dev_ws/src/two_wheeled_robot/install/two_wheeled_robot/share/two_wheeled_robot/models/aws_robomaker_warehouse_WallB_01/meshes/aws_robomaker_warehouse_WallB_01_visual.DAE
-- Installing: /home/botcanh/dev_ws/src/two_wheeled_robot/install/two_wheeled_robot/share/two_wheeled_robot/models/workcell
-- Installing: /home/botcanh/dev_ws/src/two_wheeled_robot/install/two_wheeled_robot/share/two_wheeled_robot/models/workcell/model.sdf
-- Installing: /home/botcanh/dev_ws/src/two_wheeled_robot/install/two_wheeled_robot/share/two_wheeled_robot/models/workcell/model.config
-- Installing: /home/botcanh/dev_ws/src/two_wheeled_robot/install/two_wheeled_robot/share/two_wheeled_robot/models/workcell/materials
-- Installing: /home/botcanh/dev_ws/src/two_wheeled_robot/install/two_wheeled_robot/share/two_wheeled_robot/models/workcell/materials/textures
-- Installing: /home/botcanh/dev_ws/src/two_wheeled_robot/install/two_wheeled_robot/share/two_wheeled_robot/models/workcell/materials/textures/Stairs.png
-- Installing: /home/botcanh/dev_ws/src/two_wheeled_robot/install/two_wheeled_robot/share/two_wheeled_robot/models/workcell/materials/textures/Wall_Concrete.png
-- Installing: /home/botcanh/dev_ws/src/two_wheeled_robot/install/two_wheeled_robot/share/two_wheeled_robot/models/workcell/materials/textures/Wall_Corrugated.png
-- Installing: /home/botcanh/dev_ws/src/two_wheeled_robot/install/two_wheeled_robot/share/two_wheeled_robot/models/workcell/materials/textures/PalletWrap.png
-- Installing: /home/botcanh/dev_ws/src/two_wheeled_robot/install/two_wheeled_robot/share/two_wheeled_robot/models/workcell/materials/textures/Mesh.png
-- Installing: /home/botcanh/dev_ws/src/two_wheeled_robot/install/two_wheeled_robot/share/two_wheeled_robot/models/workcell/materials/textures/WorkCell_Render.png
-- Installing: /home/botcanh/dev_ws/src/two_wheeled_robot/install/two_wheeled_robot/share/two_wheeled_robot/models/workcell/materials/textures/ControlPanel.png
-- Installing: /home/botcanh/dev_ws/src/two_wheeled_robot/install/two_wheeled_robot/share/two_wheeled_robot/models/workcell/materials/textures/Floor.png
-- Installing: /home/botcanh/dev_ws/src/two_wheeled_robot/install/two_wheeled_robot/share/two_wheeled_robot/models/workcell/materials/textures/RubberMat.png
-- Installing: /home/botcanh/dev_ws/src/two_wheeled_robot/install/two_wheeled_robot/share/two_wheeled_robot/models/workcell/materials/textures/Door_Window.png
-- Installing: /home/botcanh/dev_ws/src/two_wheeled_robot/install/two_wheeled_robot/share/two_wheeled_robot/models/workcell/materials/textures/Pallet.png
-- Installing: /home/botcanh/dev_ws/src/two_wheeled_robot/install/two_wheeled_robot/share/two_wheeled_robot/models/workcell/materials/textures/CardboardBoxes.png
-- Installing: /home/botcanh/dev_ws/src/two_wheeled_robot/install/two_wheeled_robot/share/two_wheeled_robot/models/workcell/materials/textures/Shelves.png
-- Installing: /home/botcanh/dev_ws/src/two_wheeled_robot/install/two_wheeled_robot/share/two_wheeled_robot/models/workcell/materials/textures/Pillar.png
-- Installing: /home/botcanh/dev_ws/src/two_wheeled_robot/install/two_wheeled_robot/share/two_wheeled_robot/models/workcell/materials/textures/Yellow.png
-- Installing: /home/botcanh/dev_ws/src/two_wheeled_robot/install/two_wheeled_robot/share/two_wheeled_robot/models/workcell/materials/textures/Plywood.png
-- Installing: /home/botcanh/dev_ws/src/two_wheeled_robot/install/two_wheeled_robot/share/two_wheeled_robot/models/workcell/materials/textures/Bin.png
-- Installing: /home/botcanh/dev_ws/src/two_wheeled_robot/install/two_wheeled_robot/share/two_wheeled_robot/models/workcell/materials/textures/Conveyor.png
-- Installing: /home/botcanh/dev_ws/src/two_wheeled_robot/install/two_wheeled_robot/share/two_wheeled_robot/models/workcell/materials/textures/RollupDoor.png
-- Installing: /home/botcanh/dev_ws/src/two_wheeled_robot/install/two_wheeled_robot/share/two_wheeled_robot/models/workcell/meshes
-- Installing: /home/botcanh/dev_ws/src/two_wheeled_robot/install/two_wheeled_robot/share/two_wheeled_robot/models/workcell/meshes/mesh.dae
-- Installing: /home/botcanh/dev_ws/src/two_wheeled_robot/install/two_wheeled_robot/share/two_wheeled_robot/models/workcell/meshes/mesh_backup.dae
-- Installing: /home/botcanh/dev_ws/src/two_wheeled_robot/install/two_wheeled_robot/share/two_wheeled_robot/models/aws_robomaker_warehouse_ShelfD_01
-- Installing: /home/botcanh/dev_ws/src/two_wheeled_robot/install/two_wheeled_robot/share/two_wheeled_robot/models/aws_robomaker_warehouse_ShelfD_01/model.sdf
-- Installing: /home/botcanh/dev_ws/src/two_wheeled_robot/install/two_wheeled_robot/share/two_wheeled_robot/models/aws_robomaker_warehouse_ShelfD_01/model.config
-- Installing: /home/botcanh/dev_ws/src/two_wheeled_robot/install/two_wheeled_robot/share/two_wheeled_robot/models/aws_robomaker_warehouse_ShelfD_01/materials
-- Installing: /home/botcanh/dev_ws/src/two_wheeled_robot/install/two_wheeled_robot/share/two_wheeled_robot/models/aws_robomaker_warehouse_ShelfD_01/materials/textures
-- Installing: /home/botcanh/dev_ws/src/two_wheeled_robot/install/two_wheeled_robot/share/two_wheeled_robot/models/aws_robomaker_warehouse_ShelfD_01/materials/textures/aws_robomaker_warehouse_ShelfD_04.png
-- Installing: /home/botcanh/dev_ws/src/two_wheeled_robot/install/two_wheeled_robot/share/two_wheeled_robot/models/aws_robomaker_warehouse_ShelfD_01/materials/textures/aws_robomaker_warehouse_ShelfD_01.png
-- Installing: /home/botcanh/dev_ws/src/two_wheeled_robot/install/two_wheeled_robot/share/two_wheeled_robot/models/aws_robomaker_warehouse_ShelfD_01/materials/textures/aws_robomaker_warehouse_ShelfD_02.png
-- Installing: /home/botcanh/dev_ws/src/two_wheeled_robot/install/two_wheeled_robot/share/two_wheeled_robot/models/aws_robomaker_warehouse_ShelfD_01/materials/textures/aws_robomaker_warehouse_ShelfD_03.png
-- Installing: /home/botcanh/dev_ws/src/two_wheeled_robot/install/two_wheeled_robot/share/two_wheeled_robot/models/aws_robomaker_warehouse_ShelfD_01/meshes
-- Installing: /home/botcanh/dev_ws/src/two_wheeled_robot/install/two_wheeled_robot/share/two_wheeled_robot/models/aws_robomaker_warehouse_ShelfD_01/meshes/aws_robomaker_warehouse_ShelfD_01_collision.DAE
-- Installing: /home/botcanh/dev_ws/src/two_wheeled_robot/install/two_wheeled_robot/share/two_wheeled_robot/models/aws_robomaker_warehouse_ShelfD_01/meshes/aws_robomaker_warehouse_ShelfD_01_visual.DAE
-- Installing: /home/botcanh/dev_ws/src/two_wheeled_robot/install/two_wheeled_robot/share/two_wheeled_robot/models/aws_robomaker_warehouse_ShelfE_01
-- Installing: /home/botcanh/dev_ws/src/two_wheeled_robot/install/two_wheeled_robot/share/two_wheeled_robot/models/aws_robomaker_warehouse_ShelfE_01/model.sdf
-- Installing: /home/botcanh/dev_ws/src/two_wheeled_robot/install/two_wheeled_robot/share/two_wheeled_robot/models/aws_robomaker_warehouse_ShelfE_01/.DS_Store
-- Installing: /home/botcanh/dev_ws/src/two_wheeled_robot/install/two_wheeled_robot/share/two_wheeled_robot/models/aws_robomaker_warehouse_ShelfE_01/model.config
-- Installing: /home/botcanh/dev_ws/src/two_wheeled_robot/install/two_wheeled_robot/share/two_wheeled_robot/models/aws_robomaker_warehouse_ShelfE_01/materials
-- Installing: /home/botcanh/dev_ws/src/two_wheeled_robot/install/two_wheeled_robot/share/two_wheeled_robot/models/aws_robomaker_warehouse_ShelfE_01/materials/.DS_Store
-- Installing: /home/botcanh/dev_ws/src/two_wheeled_robot/install/two_wheeled_robot/share/two_wheeled_robot/models/aws_robomaker_warehouse_ShelfE_01/materials/textures
-- Installing: /home/botcanh/dev_ws/src/two_wheeled_robot/install/two_wheeled_robot/share/two_wheeled_robot/models/aws_robomaker_warehouse_ShelfE_01/materials/textures/aws_robomaker_warehouse_ShelfE_01.png
-- Installing: /home/botcanh/dev_ws/src/two_wheeled_robot/install/two_wheeled_robot/share/two_wheeled_robot/models/aws_robomaker_warehouse_ShelfE_01/materials/textures/aws_robomaker_warehouse_ShelfE_02.png
-- Installing: /home/botcanh/dev_ws/src/two_wheeled_robot/install/two_wheeled_robot/share/two_wheeled_robot/models/aws_robomaker_warehouse_ShelfE_01/materials/textures/aws_robomaker_warehouse_ShelfE_04.png
-- Installing: /home/botcanh/dev_ws/src/two_wheeled_robot/install/two_wheeled_robot/share/two_wheeled_robot/models/aws_robomaker_warehouse_ShelfE_01/materials/textures/aws_robomaker_warehouse_ShelfE_03.png
-- Installing: /home/botcanh/dev_ws/src/two_wheeled_robot/install/two_wheeled_robot/share/two_wheeled_robot/models/aws_robomaker_warehouse_ShelfE_01/meshes
-- Installing: /home/botcanh/dev_ws/src/two_wheeled_robot/install/two_wheeled_robot/share/two_wheeled_robot/models/aws_robomaker_warehouse_ShelfE_01/meshes/aws_robomaker_warehouse_ShelfE_01_visual.DAE
-- Installing: /home/botcanh/dev_ws/src/two_wheeled_robot/install/two_wheeled_robot/share/two_wheeled_robot/models/aws_robomaker_warehouse_ShelfE_01/meshes/aws_robomaker_warehouse_ShelfE_01_collision.DAE
-- Installing: /home/botcanh/dev_ws/src/two_wheeled_robot/install/two_wheeled_robot/share/two_wheeled_robot/models/aws_robomaker_warehouse_GroundB_01
-- Installing: /home/botcanh/dev_ws/src/two_wheeled_robot/install/two_wheeled_robot/share/two_wheeled_robot/models/aws_robomaker_warehouse_GroundB_01/model.sdf
-- Installing: /home/botcanh/dev_ws/src/two_wheeled_robot/install/two_wheeled_robot/share/two_wheeled_robot/models/aws_robomaker_warehouse_GroundB_01/model.config
-- Installing: /home/botcanh/dev_ws/src/two_wheeled_robot/install/two_wheeled_robot/share/two_wheeled_robot/models/aws_robomaker_warehouse_GroundB_01/materials
-- Installing: /home/botcanh/dev_ws/src/two_wheeled_robot/install/two_wheeled_robot/share/two_wheeled_robot/models/aws_robomaker_warehouse_GroundB_01/materials/textures
-- Installing: /home/botcanh/dev_ws/src/two_wheeled_robot/install/two_wheeled_robot/share/two_wheeled_robot/models/aws_robomaker_warehouse_GroundB_01/materials/textures/aws_robomaker_warehouse_GroundB_01.png
-- Installing: /home/botcanh/dev_ws/src/two_wheeled_robot/install/two_wheeled_robot/share/two_wheeled_robot/models/aws_robomaker_warehouse_GroundB_01/materials/textures/aws_robomaker_warehouse_GroundB_02.png
-- Installing: /home/botcanh/dev_ws/src/two_wheeled_robot/install/two_wheeled_robot/share/two_wheeled_robot/models/aws_robomaker_warehouse_GroundB_01/meshes
-- Installing: /home/botcanh/dev_ws/src/two_wheeled_robot/install/two_wheeled_robot/share/two_wheeled_robot/models/aws_robomaker_warehouse_GroundB_01/meshes/aws_robomaker_warehouse_GroundB_01_collision.DAE
-- Installing: /home/botcanh/dev_ws/src/two_wheeled_robot/install/two_wheeled_robot/share/two_wheeled_robot/models/aws_robomaker_warehouse_GroundB_01/meshes/aws_robomaker_warehouse_GroundB_01_visual.DAE
-- Installing: /home/botcanh/dev_ws/src/two_wheeled_robot/install/two_wheeled_robot/share/two_wheeled_robot/models/aws_robomaker_warehouse_Bucket_01
-- Installing: /home/botcanh/dev_ws/src/two_wheeled_robot/install/two_wheeled_robot/share/two_wheeled_robot/models/aws_robomaker_warehouse_Bucket_01/model.sdf
-- Installing: /home/botcanh/dev_ws/src/two_wheeled_robot/install/two_wheeled_robot/share/two_wheeled_robot/models/aws_robomaker_warehouse_Bucket_01/.DS_Store
-- Installing: /home/botcanh/dev_ws/src/two_wheeled_robot/install/two_wheeled_robot/share/two_wheeled_robot/models/aws_robomaker_warehouse_Bucket_01/model.config
-- Installing: /home/botcanh/dev_ws/src/two_wheeled_robot/install/two_wheeled_robot/share/two_wheeled_robot/models/aws_robomaker_warehouse_Bucket_01/materials
-- Installing: /home/botcanh/dev_ws/src/two_wheeled_robot/install/two_wheeled_robot/share/two_wheeled_robot/models/aws_robomaker_warehouse_Bucket_01/materials/.DS_Store
-- Installing: /home/botcanh/dev_ws/src/two_wheeled_robot/install/two_wheeled_robot/share/two_wheeled_robot/models/aws_robomaker_warehouse_Bucket_01/materials/textures
-- Installing: /home/botcanh/dev_ws/src/two_wheeled_robot/install/two_wheeled_robot/share/two_wheeled_robot/models/aws_robomaker_warehouse_Bucket_01/materials/textures/aws_robomaker_warehouse_Bucket_01.png
-- Installing: /home/botcanh/dev_ws/src/two_wheeled_robot/install/two_wheeled_robot/share/two_wheeled_robot/models/aws_robomaker_warehouse_Bucket_01/meshes
-- Installing: /home/botcanh/dev_ws/src/two_wheeled_robot/install/two_wheeled_robot/share/two_wheeled_robot/models/aws_robomaker_warehouse_Bucket_01/meshes/aws_robomaker_warehouse_Bucket_01_visual.DAE
-- Installing: /home/botcanh/dev_ws/src/two_wheeled_robot/install/two_wheeled_robot/share/two_wheeled_robot/models/aws_robomaker_warehouse_Bucket_01/meshes/aws_robomaker_warehouse_Bucket_01_collision.DAE
-- Installing: /home/botcanh/dev_ws/src/two_wheeled_robot/install/two_wheeled_robot/share/two_wheeled_robot/models/aws_robomaker_warehouse_ShelfF_01
-- Installing: /home/botcanh/dev_ws/src/two_wheeled_robot/install/two_wheeled_robot/share/two_wheeled_robot/models/aws_robomaker_warehouse_ShelfF_01/model.sdf
-- Installing: /home/botcanh/dev_ws/src/two_wheeled_robot/install/two_wheeled_robot/share/two_wheeled_robot/models/aws_robomaker_warehouse_ShelfF_01/model.config
-- Installing: /home/botcanh/dev_ws/src/two_wheeled_robot/install/two_wheeled_robot/share/two_wheeled_robot/models/aws_robomaker_warehouse_ShelfF_01/materials
-- Installing: /home/botcanh/dev_ws/src/two_wheeled_robot/install/two_wheeled_robot/share/two_wheeled_robot/models/aws_robomaker_warehouse_ShelfF_01/materials/textures
-- Installing: /home/botcanh/dev_ws/src/two_wheeled_robot/install/two_wheeled_robot/share/two_wheeled_robot/models/aws_robomaker_warehouse_ShelfF_01/materials/textures/aws_robomaker_warehouse_ShelfF_03.png
-- Installing: /home/botcanh/dev_ws/src/two_wheeled_robot/install/two_wheeled_robot/share/two_wheeled_robot/models/aws_robomaker_warehouse_ShelfF_01/materials/textures/aws_robomaker_warehouse_ShelfF_01.png
-- Installing: /home/botcanh/dev_ws/src/two_wheeled_robot/install/two_wheeled_robot/share/two_wheeled_robot/models/aws_robomaker_warehouse_ShelfF_01/materials/textures/aws_robomaker_warehouse_ShelfF_02.png
-- Installing: /home/botcanh/dev_ws/src/two_wheeled_robot/install/two_wheeled_robot/share/two_wheeled_robot/models/aws_robomaker_warehouse_ShelfF_01/meshes
-- Installing: /home/botcanh/dev_ws/src/two_wheeled_robot/install/two_wheeled_robot/share/two_wheeled_robot/models/aws_robomaker_warehouse_ShelfF_01/meshes/aws_robomaker_warehouse_ShelfF_01_visual.DAE
-- Installing: /home/botcanh/dev_ws/src/two_wheeled_robot/install/two_wheeled_robot/share/two_wheeled_robot/models/aws_robomaker_warehouse_ShelfF_01/meshes/aws_robomaker_warehouse_ShelfF_01_collision.DAE
-- Installing: /home/botcanh/dev_ws/src/two_wheeled_robot/install/two_wheeled_robot/share/two_wheeled_robot/models/person_standing
-- Installing: /home/botcanh/dev_ws/src/two_wheeled_robot/install/two_wheeled_robot/share/two_wheeled_robot/models/person_standing/model.sdf
-- Installing: /home/botcanh/dev_ws/src/two_wheeled_robot/install/two_wheeled_robot/share/two_wheeled_robot/models/person_standing/model.config
-- Installing: /home/botcanh/dev_ws/src/two_wheeled_robot/install/two_wheeled_robot/share/two_wheeled_robot/models/person_standing/materials
-- Installing: /home/botcanh/dev_ws/src/two_wheeled_robot/install/two_wheeled_robot/share/two_wheeled_robot/models/person_standing/materials/textures
-- Installing: /home/botcanh/dev_ws/src/two_wheeled_robot/install/two_wheeled_robot/share/two_wheeled_robot/models/person_standing/materials/textures/tshirt02_normals.png
-- Installing: /home/botcanh/dev_ws/src/two_wheeled_robot/install/two_wheeled_robot/share/two_wheeled_robot/models/person_standing/materials/textures/tshirt02_texture.png
-- Installing: /home/botcanh/dev_ws/src/two_wheeled_robot/install/two_wheeled_robot/share/two_wheeled_robot/models/person_standing/materials/textures/jeans01_normals.png
-- Installing: /home/botcanh/dev_ws/src/two_wheeled_robot/install/two_wheeled_robot/share/two_wheeled_robot/models/person_standing/materials/textures/male02_diffuse_black.png
-- Installing: /home/botcanh/dev_ws/src/two_wheeled_robot/install/two_wheeled_robot/share/two_wheeled_robot/models/person_standing/materials/textures/male02_diffuse_black-unmodified.png
-- Installing: /home/botcanh/dev_ws/src/two_wheeled_robot/install/two_wheeled_robot/share/two_wheeled_robot/models/person_standing/materials/textures/eyebrow001.png
-- Installing: /home/botcanh/dev_ws/src/two_wheeled_robot/install/two_wheeled_robot/share/two_wheeled_robot/models/person_standing/materials/textures/green_eye.png
-- Installing: /home/botcanh/dev_ws/src/two_wheeled_robot/install/two_wheeled_robot/share/two_wheeled_robot/models/person_standing/materials/textures/eyebrow001-unmodified.png
-- Installing: /home/botcanh/dev_ws/src/two_wheeled_robot/install/two_wheeled_robot/share/two_wheeled_robot/models/person_standing/materials/textures/young_lightskinned_male_diffuse.png
-- Installing: /home/botcanh/dev_ws/src/two_wheeled_robot/install/two_wheeled_robot/share/two_wheeled_robot/models/person_standing/materials/textures/jeans_basic_diffuse.png
-- Installing: /home/botcanh/dev_ws/src/two_wheeled_robot/install/two_wheeled_robot/share/two_wheeled_robot/models/person_standing/materials/textures/teeth.png
-- Installing: /home/botcanh/dev_ws/src/two_wheeled_robot/install/two_wheeled_robot/share/two_wheeled_robot/models/person_standing/meshes
-- Installing: /home/botcanh/dev_ws/src/two_wheeled_robot/install/two_wheeled_robot/share/two_wheeled_robot/models/person_standing/meshes/standing.dae
-- Installing: /home/botcanh/dev_ws/src/two_wheeled_robot/install/two_wheeled_robot/share/two_wheeled_robot/models/aws_robomaker_warehouse_ClutteringA_01
-- Installing: /home/botcanh/dev_ws/src/two_wheeled_robot/install/two_wheeled_robot/share/two_wheeled_robot/models/aws_robomaker_warehouse_ClutteringA_01/model.sdf
-- Installing: /home/botcanh/dev_ws/src/two_wheeled_robot/install/two_wheeled_robot/share/two_wheeled_robot/models/aws_robomaker_warehouse_ClutteringA_01/.DS_Store
-- Installing: /home/botcanh/dev_ws/src/two_wheeled_robot/install/two_wheeled_robot/share/two_wheeled_robot/models/aws_robomaker_warehouse_ClutteringA_01/model.config
-- Installing: /home/botcanh/dev_ws/src/two_wheeled_robot/install/two_wheeled_robot/share/two_wheeled_robot/models/aws_robomaker_warehouse_ClutteringA_01/materials
-- Installing: /home/botcanh/dev_ws/src/two_wheeled_robot/install/two_wheeled_robot/share/two_wheeled_robot/models/aws_robomaker_warehouse_ClutteringA_01/materials/.DS_Store
-- Installing: /home/botcanh/dev_ws/src/two_wheeled_robot/install/two_wheeled_robot/share/two_wheeled_robot/models/aws_robomaker_warehouse_ClutteringA_01/materials/textures
-- Installing: /home/botcanh/dev_ws/src/two_wheeled_robot/install/two_wheeled_robot/share/two_wheeled_robot/models/aws_robomaker_warehouse_ClutteringA_01/materials/textures/aws_robomaker_warehouse_ClutteringA_03.png
-- Installing: /home/botcanh/dev_ws/src/two_wheeled_robot/install/two_wheeled_robot/share/two_wheeled_robot/models/aws_robomaker_warehouse_ClutteringA_01/materials/textures/.DS_Store
-- Installing: /home/botcanh/dev_ws/src/two_wheeled_robot/install/two_wheeled_robot/share/two_wheeled_robot/models/aws_robomaker_warehouse_ClutteringA_01/materials/textures/aws_robomaker_warehouse_ClutteringA_02.png
-- Installing: /home/botcanh/dev_ws/src/two_wheeled_robot/install/two_wheeled_robot/share/two_wheeled_robot/models/aws_robomaker_warehouse_ClutteringA_01/materials/textures/aws_robomaker_warehouse_ClutteringA_01.png
-- Installing: /home/botcanh/dev_ws/src/two_wheeled_robot/install/two_wheeled_robot/share/two_wheeled_robot/models/aws_robomaker_warehouse_ClutteringA_01/meshes
-- Installing: /home/botcanh/dev_ws/src/two_wheeled_robot/install/two_wheeled_robot/share/two_wheeled_robot/models/aws_robomaker_warehouse_ClutteringA_01/meshes/aws_robomaker_warehouse_ClutteringA_01_visual.DAE
-- Installing: /home/botcanh/dev_ws/src/two_wheeled_robot/install/two_wheeled_robot/share/two_wheeled_robot/models/aws_robomaker_warehouse_ClutteringA_01/meshes/aws_robomaker_warehouse_ClutteringA_01_collision.DAE
-- Installing: /home/botcanh/dev_ws/src/two_wheeled_robot/install/two_wheeled_robot/share/two_wheeled_robot/models/prius_hybrid
-- Installing: /home/botcanh/dev_ws/src/two_wheeled_robot/install/two_wheeled_robot/share/two_wheeled_robot/models/prius_hybrid/model.sdf
-- Installing: /home/botcanh/dev_ws/src/two_wheeled_robot/install/two_wheeled_robot/share/two_wheeled_robot/models/prius_hybrid/model.config
-- Installing: /home/botcanh/dev_ws/src/two_wheeled_robot/install/two_wheeled_robot/share/two_wheeled_robot/models/prius_hybrid/materials
-- Installing: /home/botcanh/dev_ws/src/two_wheeled_robot/install/two_wheeled_robot/share/two_wheeled_robot/models/prius_hybrid/materials/textures
-- Installing: /home/botcanh/dev_ws/src/two_wheeled_robot/install/two_wheeled_robot/share/two_wheeled_robot/models/prius_hybrid/materials/textures/Hybrid.png
-- Installing: /home/botcanh/dev_ws/src/two_wheeled_robot/install/two_wheeled_robot/share/two_wheeled_robot/models/prius_hybrid/materials/textures/Hybrid_Interior.png
-- Installing: /home/botcanh/dev_ws/src/two_wheeled_robot/install/two_wheeled_robot/share/two_wheeled_robot/models/prius_hybrid/materials/textures/Wheels3.png
-- Installing: /home/botcanh/dev_ws/src/two_wheeled_robot/install/two_wheeled_robot/share/two_wheeled_robot/models/prius_hybrid/meshes
-- Installing: /home/botcanh/dev_ws/src/two_wheeled_robot/install/two_wheeled_robot/share/two_wheeled_robot/models/prius_hybrid/meshes/Hybrid.obj
-- Installing: /home/botcanh/dev_ws/src/two_wheeled_robot/install/two_wheeled_robot/share/two_wheeled_robot/models/prius_hybrid/meshes/Hybrid.mtl
-- Installing: /home/botcanh/dev_ws/src/two_wheeled_robot/install/two_wheeled_robot/share/two_wheeled_robot/models/bus
-- Installing: /home/botcanh/dev_ws/src/two_wheeled_robot/install/two_wheeled_robot/share/two_wheeled_robot/models/bus/model.sdf
-- Installing: /home/botcanh/dev_ws/src/two_wheeled_robot/install/two_wheeled_robot/share/two_wheeled_robot/models/bus/model.config
-- Installing: /home/botcanh/dev_ws/src/two_wheeled_robot/install/two_wheeled_robot/share/two_wheeled_robot/models/bus/materials
-- Installing: /home/botcanh/dev_ws/src/two_wheeled_robot/install/two_wheeled_robot/share/two_wheeled_robot/models/bus/materials/textures
-- Installing: /home/botcanh/dev_ws/src/two_wheeled_robot/install/two_wheeled_robot/share/two_wheeled_robot/models/bus/materials/textures/bus.png
-- Installing: /home/botcanh/dev_ws/src/two_wheeled_robot/install/two_wheeled_robot/share/two_wheeled_robot/models/bus/meshes
-- Installing: /home/botcanh/dev_ws/src/two_wheeled_robot/install/two_wheeled_robot/share/two_wheeled_robot/models/bus/meshes/bus.mtl
-- Installing: /home/botcanh/dev_ws/src/two_wheeled_robot/install/two_wheeled_robot/share/two_wheeled_robot/models/bus/meshes/bus.obj
-- Installing: /home/botcanh/dev_ws/src/two_wheeled_robot/install/two_wheeled_robot/share/two_wheeled_robot/models/suv
-- Installing: /home/botcanh/dev_ws/src/two_wheeled_robot/install/two_wheeled_robot/share/two_wheeled_robot/models/suv/model.sdf
-- Installing: /home/botcanh/dev_ws/src/two_wheeled_robot/install/two_wheeled_robot/share/two_wheeled_robot/models/suv/model.config
-- Installing: /home/botcanh/dev_ws/src/two_wheeled_robot/install/two_wheeled_robot/share/two_wheeled_robot/models/suv/materials
-- Installing: /home/botcanh/dev_ws/src/two_wheeled_robot/install/two_wheeled_robot/share/two_wheeled_robot/models/suv/materials/textures
-- Installing: /home/botcanh/dev_ws/src/two_wheeled_robot/install/two_wheeled_robot/share/two_wheeled_robot/models/suv/materials/textures/suv.png
-- Installing: /home/botcanh/dev_ws/src/two_wheeled_robot/install/two_wheeled_robot/share/two_wheeled_robot/models/suv/materials/textures/wheels_01.png
-- Installing: /home/botcanh/dev_ws/src/two_wheeled_robot/install/two_wheeled_robot/share/two_wheeled_robot/models/suv/meshes
-- Installing: /home/botcanh/dev_ws/src/two_wheeled_robot/install/two_wheeled_robot/share/two_wheeled_robot/models/suv/meshes/suv.mtl
-- Installing: /home/botcanh/dev_ws/src/two_wheeled_robot/install/two_wheeled_robot/share/two_wheeled_robot/models/suv/meshes/suv.obj
-- Installing: /home/botcanh/dev_ws/src/two_wheeled_robot/install/two_wheeled_robot/share/two_wheeled_robot/models/postbox
-- Installing: /home/botcanh/dev_ws/src/two_wheeled_robot/install/two_wheeled_robot/share/two_wheeled_robot/models/postbox/model.sdf
-- Installing: /home/botcanh/dev_ws/src/two_wheeled_robot/install/two_wheeled_robot/share/two_wheeled_robot/models/postbox/model.config
-- Installing: /home/botcanh/dev_ws/src/two_wheeled_robot/install/two_wheeled_robot/share/two_wheeled_robot/models/postbox/materials
-- Installing: /home/botcanh/dev_ws/src/two_wheeled_robot/install/two_wheeled_robot/share/two_wheeled_robot/models/postbox/materials/textures
-- Installing: /home/botcanh/dev_ws/src/two_wheeled_robot/install/two_wheeled_robot/share/two_wheeled_robot/models/postbox/materials/textures/postbox_spec.jpg
-- Installing: /home/botcanh/dev_ws/src/two_wheeled_robot/install/two_wheeled_robot/share/two_wheeled_robot/models/postbox/materials/textures/postbox_diffuse.jpg
-- Installing: /home/botcanh/dev_ws/src/two_wheeled_robot/install/two_wheeled_robot/share/two_wheeled_robot/models/postbox/meshes
-- Installing: /home/botcanh/dev_ws/src/two_wheeled_robot/install/two_wheeled_robot/share/two_wheeled_robot/models/postbox/meshes/postbox.dae
-- Installing: /home/botcanh/dev_ws/src/two_wheeled_robot/install/two_wheeled_robot/share/two_wheeled_robot/models/aws_robomaker_warehouse_DeskC_01
-- Installing: /home/botcanh/dev_ws/src/two_wheeled_robot/install/two_wheeled_robot/share/two_wheeled_robot/models/aws_robomaker_warehouse_DeskC_01/model.sdf
-- Installing: /home/botcanh/dev_ws/src/two_wheeled_robot/install/two_wheeled_robot/share/two_wheeled_robot/models/aws_robomaker_warehouse_DeskC_01/model.config
-- Installing: /home/botcanh/dev_ws/src/two_wheeled_robot/install/two_wheeled_robot/share/two_wheeled_robot/models/aws_robomaker_warehouse_DeskC_01/materials
-- Installing: /home/botcanh/dev_ws/src/two_wheeled_robot/install/two_wheeled_robot/share/two_wheeled_robot/models/aws_robomaker_warehouse_DeskC_01/materials/.DS_Store
-- Installing: /home/botcanh/dev_ws/src/two_wheeled_robot/install/two_wheeled_robot/share/two_wheeled_robot/models/aws_robomaker_warehouse_DeskC_01/materials/textures
-- Installing: /home/botcanh/dev_ws/src/two_wheeled_robot/install/two_wheeled_robot/share/two_wheeled_robot/models/aws_robomaker_warehouse_DeskC_01/materials/textures/aws_robomaker_warehouse_DeskC_04.png
-- Installing: /home/botcanh/dev_ws/src/two_wheeled_robot/install/two_wheeled_robot/share/two_wheeled_robot/models/aws_robomaker_warehouse_DeskC_01/materials/textures/aws_robomaker_warehouse_DeskC_03.psd
-- Installing: /home/botcanh/dev_ws/src/two_wheeled_robot/install/two_wheeled_robot/share/two_wheeled_robot/models/aws_robomaker_warehouse_DeskC_01/materials/textures/aws_robomaker_warehouse_DeskC_03.png
-- Installing: /home/botcanh/dev_ws/src/two_wheeled_robot/install/two_wheeled_robot/share/two_wheeled_robot/models/aws_robomaker_warehouse_DeskC_01/materials/textures/aws_robomaker_warehouse_DeskC_02.png
-- Installing: /home/botcanh/dev_ws/src/two_wheeled_robot/install/two_wheeled_robot/share/two_wheeled_robot/models/aws_robomaker_warehouse_DeskC_01/materials/textures/aws_robomaker_warehouse_DeskC_01.png
-- Installing: /home/botcanh/dev_ws/src/two_wheeled_robot/install/two_wheeled_robot/share/two_wheeled_robot/models/aws_robomaker_warehouse_DeskC_01/meshes
-- Installing: /home/botcanh/dev_ws/src/two_wheeled_robot/install/two_wheeled_robot/share/two_wheeled_robot/models/aws_robomaker_warehouse_DeskC_01/meshes/aws_robomaker_warehouse_DeskC_01_collision.DAE
-- Installing: /home/botcanh/dev_ws/src/two_wheeled_robot/install/two_wheeled_robot/share/two_wheeled_robot/models/aws_robomaker_warehouse_DeskC_01/meshes/aws_robomaker_warehouse_DeskC_01_visual.DAE
-- Installing: /home/botcanh/dev_ws/src/two_wheeled_robot/install/two_wheeled_robot/share/two_wheeled_robot/models/workcell_bin
-- Installing: /home/botcanh/dev_ws/src/two_wheeled_robot/install/two_wheeled_robot/share/two_wheeled_robot/models/workcell_bin/model.sdf
-- Installing: /home/botcanh/dev_ws/src/two_wheeled_robot/install/two_wheeled_robot/share/two_wheeled_robot/models/workcell_bin/model.config
-- Installing: /home/botcanh/dev_ws/src/two_wheeled_robot/install/two_wheeled_robot/share/two_wheeled_robot/models/workcell_bin/materials
-- Installing: /home/botcanh/dev_ws/src/two_wheeled_robot/install/two_wheeled_robot/share/two_wheeled_robot/models/workcell_bin/materials/textures
-- Installing: /home/botcanh/dev_ws/src/two_wheeled_robot/install/two_wheeled_robot/share/two_wheeled_robot/models/workcell_bin/materials/textures/bin.png
-- Installing: /home/botcanh/dev_ws/src/two_wheeled_robot/install/two_wheeled_robot/share/two_wheeled_robot/models/workcell_bin/meshes
-- Installing: /home/botcanh/dev_ws/src/two_wheeled_robot/install/two_wheeled_robot/share/two_wheeled_robot/models/workcell_bin/meshes/bin.dae
-- Installing: /home/botcanh/dev_ws/src/two_wheeled_robot/install/two_wheeled_robot/share/two_wheeled_robot/models/stop_sign
-- Installing: /home/botcanh/dev_ws/src/two_wheeled_robot/install/two_wheeled_robot/share/two_wheeled_robot/models/stop_sign/model.sdf
-- Installing: /home/botcanh/dev_ws/src/two_wheeled_robot/install/two_wheeled_robot/share/two_wheeled_robot/models/stop_sign/model.config
-- Installing: /home/botcanh/dev_ws/src/two_wheeled_robot/install/two_wheeled_robot/share/two_wheeled_robot/models/stop_sign/materials
-- Installing: /home/botcanh/dev_ws/src/two_wheeled_robot/install/two_wheeled_robot/share/two_wheeled_robot/models/stop_sign/materials/textures
-- Installing: /home/botcanh/dev_ws/src/two_wheeled_robot/install/two_wheeled_robot/share/two_wheeled_robot/models/stop_sign/materials/textures/StopSign_Spec.png
-- Installing: /home/botcanh/dev_ws/src/two_wheeled_robot/install/two_wheeled_robot/share/two_wheeled_robot/models/stop_sign/materials/textures/StopSign_Diffuse.png
-- Installing: /home/botcanh/dev_ws/src/two_wheeled_robot/install/two_wheeled_robot/share/two_wheeled_robot/models/stop_sign/materials/scripts
-- Installing: /home/botcanh/dev_ws/src/two_wheeled_robot/install/two_wheeled_robot/share/two_wheeled_robot/models/stop_sign/materials/scripts/stopsign.material
-- Installing: /home/botcanh/dev_ws/src/two_wheeled_robot/install/two_wheeled_robot/share/two_wheeled_robot/models/stop_sign/meshes
-- Installing: /home/botcanh/dev_ws/src/two_wheeled_robot/install/two_wheeled_robot/share/two_wheeled_robot/models/stop_sign/meshes/stop_sign.dae
-- Installing: /home/botcanh/dev_ws/src/two_wheeled_robot/install/two_wheeled_robot/share/two_wheeled_robot/models/stop_sign/model-1_3.sdf
-- Installing: /home/botcanh/dev_ws/src/two_wheeled_robot/install/two_wheeled_robot/share/two_wheeled_robot/models/stop_sign/model-1_4.sdf
-- Installing: /home/botcanh/dev_ws/src/two_wheeled_robot/install/two_wheeled_robot/share/two_wheeled_robot/params
-- Installing: /home/botcanh/dev_ws/src/two_wheeled_robot/install/two_wheeled_robot/share/two_wheeled_robot/rviz
-- Installing: /home/botcanh/dev_ws/src/two_wheeled_robot/install/two_wheeled_robot/share/two_wheeled_robot/rviz/rviz_basic_settings.rviz
-- Installing: /home/botcanh/dev_ws/src/two_wheeled_robot/install/two_wheeled_robot/share/two_wheeled_robot/scripts
-- Installing: /home/botcanh/dev_ws/src/two_wheeled_robot/install/two_wheeled_robot/share/two_wheeled_robot/scripts/env.py
-- Installing: /home/botcanh/dev_ws/src/two_wheeled_robot/install/two_wheeled_robot/share/two_wheeled_robot/scripts/sample..py
-- Installing: /home/botcanh/dev_ws/src/two_wheeled_robot/install/two_wheeled_robot/share/two_wheeled_robot/scripts/model5.py
-- Installing: /home/botcanh/dev_ws/src/two_wheeled_robot/install/two_wheeled_robot/share/two_wheeled_robot/scripts/__pycache__
-- Installing: /home/botcanh/dev_ws/src/two_wheeled_robot/install/two_wheeled_robot/share/two_wheeled_robot/scripts/__pycache__/env.cpython-310.pyc
-- Installing: /home/botcanh/dev_ws/src/two_wheeled_robot/install/two_wheeled_robot/share/two_wheeled_robot/scripts/__pycache__/model5.cpython-310.pyc
-- Installing: /home/botcanh/dev_ws/src/two_wheeled_robot/install/two_wheeled_robot/share/two_wheeled_robot/scripts/run.py
-- Installing: /home/botcanh/dev_ws/src/two_wheeled_robot/install/two_wheeled_robot/share/two_wheeled_robot/scripts/image_node.py
-- Installing: /home/botcanh/dev_ws/src/two_wheeled_robot/install/two_wheeled_robot/share/two_wheeled_robot/src
-- Installing: /home/botcanh/dev_ws/src/two_wheeled_robot/install/two_wheeled_robot/share/two_wheeled_robot/two_wheeled_robot
-- Installing: /home/botcanh/dev_ws/src/two_wheeled_robot/install/two_wheeled_robot/share/two_wheeled_robot/two_wheeled_robot/__init__.py
-- Installing: /home/botcanh/dev_ws/src/two_wheeled_robot/install/two_wheeled_robot/share/two_wheeled_robot/urdf
-- Installing: /home/botcanh/dev_ws/src/two_wheeled_robot/install/two_wheeled_robot/share/two_wheeled_robot/urdf/two_wheeled_robot.urdf
-- Installing: /home/botcanh/dev_ws/src/two_wheeled_robot/install/two_wheeled_robot/share/two_wheeled_robot/urdf/two_wheeled_robot_copy.urdf
-- Installing: /home/botcanh/dev_ws/src/two_wheeled_robot/install/two_wheeled_robot/share/two_wheeled_robot/worlds
-- Installing: /home/botcanh/dev_ws/src/two_wheeled_robot/install/two_wheeled_robot/share/two_wheeled_robot/worlds/yolo_test.world
-- Installing: /home/botcanh/dev_ws/src/two_wheeled_robot/install/two_wheeled_robot/share/two_wheeled_robot/worlds/no_roof_small_warehouse.world
-- Installing: /home/botcanh/dev_ws/src/two_wheeled_robot/install/two_wheeled_robot/share/two_wheeled_robot/worlds/warehouse.world
-- Installing: /home/botcanh/dev_ws/src/two_wheeled_robot/install/two_wheeled_robot/share/two_wheeled_robot/worlds/small_warehouse.world
-- Installing: /home/botcanh/dev_ws/src/two_wheeled_robot/install/two_wheeled_robot/share/two_wheeled_robot/environment/pythonpath.sh
-- Installing: /home/botcanh/dev_ws/src/two_wheeled_robot/install/two_wheeled_robot/share/two_wheeled_robot/environment/pythonpath.dsv
-- Installing: /home/botcanh/dev_ws/src/two_wheeled_robot/install/two_wheeled_robot/local/lib/python3.10/dist-packages/two_wheeled_robot-1.0.0-py3.10.egg-info
-- Installing: /home/botcanh/dev_ws/src/two_wheeled_robot/install/two_wheeled_robot/local/lib/python3.10/dist-packages/two_wheeled_robot-1.0.0-py3.10.egg-info/SOURCES.txt
-- Installing: /home/botcanh/dev_ws/src/two_wheeled_robot/install/two_wheeled_robot/local/lib/python3.10/dist-packages/two_wheeled_robot-1.0.0-py3.10.egg-info/top_level.txt
-- Installing: /home/botcanh/dev_ws/src/two_wheeled_robot/install/two_wheeled_robot/local/lib/python3.10/dist-packages/two_wheeled_robot-1.0.0-py3.10.egg-info/PKG-INFO
-- Installing: /home/botcanh/dev_ws/src/two_wheeled_robot/install/two_wheeled_robot/local/lib/python3.10/dist-packages/two_wheeled_robot-1.0.0-py3.10.egg-info/dependency_links.txt
-- Installing: /home/botcanh/dev_ws/src/two_wheeled_robot/install/two_wheeled_robot/local/lib/python3.10/dist-packages/two_wheeled_robot
-- Installing: /home/botcanh/dev_ws/src/two_wheeled_robot/install/two_wheeled_robot/local/lib/python3.10/dist-packages/two_wheeled_robot/__init__.py
Listing '/home/botcanh/dev_ws/src/two_wheeled_robot/install/two_wheeled_robot/local/lib/python3.10/dist-packages/two_wheeled_robot'...
Compiling '/home/botcanh/dev_ws/src/two_wheeled_robot/install/two_wheeled_robot/local/lib/python3.10/dist-packages/two_wheeled_robot/__init__.py'...
-- Installing: /home/botcanh/dev_ws/src/two_wheeled_robot/install/two_wheeled_robot/lib/two_wheeled_robot/image_node.py
-- Installing: /home/botcanh/dev_ws/src/two_wheeled_robot/install/two_wheeled_robot/lib/two_wheeled_robot/env.py
-- Installing: /home/botcanh/dev_ws/src/two_wheeled_robot/install/two_wheeled_robot/lib/two_wheeled_robot/model5.py
-- Installing: /home/botcanh/dev_ws/src/two_wheeled_robot/install/two_wheeled_robot/share/ament_index/resource_index/package_run_dependencies/two_wheeled_robot
-- Installing: /home/botcanh/dev_ws/src/two_wheeled_robot/install/two_wheeled_robot/share/ament_index/resource_index/parent_prefix_path/two_wheeled_robot
-- Installing: /home/botcanh/dev_ws/src/two_wheeled_robot/install/two_wheeled_robot/share/two_wheeled_robot/environment/ament_prefix_path.sh
-- Installing: /home/botcanh/dev_ws/src/two_wheeled_robot/install/two_wheeled_robot/share/two_wheeled_robot/environment/ament_prefix_path.dsv
-- Installing: /home/botcanh/dev_ws/src/two_wheeled_robot/install/two_wheeled_robot/share/two_wheeled_robot/environment/path.sh
-- Installing: /home/botcanh/dev_ws/src/two_wheeled_robot/install/two_wheeled_robot/share/two_wheeled_robot/environment/path.dsv
-- Installing: /home/botcanh/dev_ws/src/two_wheeled_robot/install/two_wheeled_robot/share/two_wheeled_robot/local_setup.bash
-- Installing: /home/botcanh/dev_ws/src/two_wheeled_robot/install/two_wheeled_robot/share/two_wheeled_robot/local_setup.sh
-- Installing: /home/botcanh/dev_ws/src/two_wheeled_robot/install/two_wheeled_robot/share/two_wheeled_robot/local_setup.zsh
-- Installing: /home/botcanh/dev_ws/src/two_wheeled_robot/install/two_wheeled_robot/share/two_wheeled_robot/local_setup.dsv
-- Installing: /home/botcanh/dev_ws/src/two_wheeled_robot/install/two_wheeled_robot/share/two_wheeled_robot/package.dsv
-- Installing: /home/botcanh/dev_ws/src/two_wheeled_robot/install/two_wheeled_robot/share/ament_index/resource_index/packages/two_wheeled_robot
-- Installing: /home/botcanh/dev_ws/src/two_wheeled_robot/install/two_wheeled_robot/share/two_wheeled_robot/cmake/two_wheeled_robotConfig.cmake
-- Installing: /home/botcanh/dev_ws/src/two_wheeled_robot/install/two_wheeled_robot/share/two_wheeled_robot/cmake/two_wheeled_robotConfig-version.cmake
-- Installing: /home/botcanh/dev_ws/src/two_wheeled_robot/install/two_wheeled_robot/share/two_wheeled_robot/package.xml
